<?xml version="1.0" encoding="UTF-8"?>
<coverage generated="1625786596769" clover="3.2.0">
  <project timestamp="1625786596769" name="All files">
    <metrics statements="67" coveredstatements="67" conditionals="34" coveredconditionals="33" methods="24" coveredmethods="23" elements="125" coveredelements="123" complexity="0" loc="67" ncloc="67" packages="1" files="1" classes="1"/>
    <file name="index.js" path="C:\Users\Pepe\code\katas\redradix\kata-mars-rovers\src\index.js">
      <metrics statements="67" coveredstatements="67" conditionals="34" coveredconditionals="33" methods="24" coveredmethods="23"/>
      <line num="1" count="1" type="stmt"/>
      <line num="8" count="1" type="stmt"/>
      <line num="15" count="1" type="stmt"/>
      <line num="16" count="6" type="stmt"/>
      <line num="23" count="6" type="stmt"/>
      <line num="26" count="1" type="stmt"/>
      <line num="27" count="8" type="stmt"/>
      <line num="34" count="8" type="stmt"/>
      <line num="37" count="14" type="cond" truecount="2" falsecount="0"/>
      <line num="41" count="1" type="stmt"/>
      <line num="42" count="23" type="cond" truecount="2" falsecount="0"/>
      <line num="43" count="23" type="stmt"/>
      <line num="44" count="9" type="stmt"/>
      <line num="45" count="6" type="stmt"/>
      <line num="46" count="1" type="stmt"/>
      <line num="47" count="7" type="stmt"/>
      <line num="50" count="23" type="stmt"/>
      <line num="53" count="1" type="stmt"/>
      <line num="55" count="62" type="stmt"/>
      <line num="57" count="51" type="stmt"/>
      <line num="59" count="65" type="cond" truecount="2" falsecount="0"/>
      <line num="61" count="60" type="stmt"/>
      <line num="63" count="1" type="stmt"/>
      <line num="64" count="50" type="stmt"/>
      <line num="65" count="50" type="stmt"/>
      <line num="67" count="50" type="cond" truecount="4" falsecount="0"/>
      <line num="70" count="1" type="stmt"/>
      <line num="71" count="17" type="cond" truecount="2" falsecount="0"/>
      <line num="72" count="15" type="cond" truecount="2" falsecount="0"/>
      <line num="73" count="13" type="cond" truecount="2" falsecount="0"/>
      <line num="75" count="8" type="stmt"/>
      <line num="78" count="17" type="stmt"/>
      <line num="80" count="1" type="stmt"/>
      <line num="81" count="17" type="cond" truecount="2" falsecount="0"/>
      <line num="82" count="16" type="cond" truecount="2" falsecount="0"/>
      <line num="84" count="14" type="stmt"/>
      <line num="87" count="1" type="stmt"/>
      <line num="88" count="17" type="cond" truecount="1" falsecount="1"/>
      <line num="89" count="17" type="cond" truecount="2" falsecount="0"/>
      <line num="90" count="15" type="cond" truecount="2" falsecount="0"/>
      <line num="92" count="14" type="stmt"/>
      <line num="95" count="1" type="stmt"/>
      <line num="96" count="17" type="stmt"/>
      <line num="97" count="17" type="stmt"/>
      <line num="98" count="17" type="stmt"/>
      <line num="99" count="17" type="stmt"/>
      <line num="101" count="17" type="stmt"/>
      <line num="106" count="37" type="stmt"/>
      <line num="109" count="1" type="stmt"/>
      <line num="110" count="37" type="stmt"/>
      <line num="111" count="37" type="cond" truecount="2" falsecount="0"/>
      <line num="114" count="23" type="stmt"/>
      <line num="117" count="37" type="stmt"/>
      <line num="120" count="3" type="stmt"/>
      <line num="121" count="37" type="stmt"/>
      <line num="123" count="37" type="cond" truecount="2" falsecount="0"/>
      <line num="127" count="37" type="stmt"/>
      <line num="129" count="37" type="cond" truecount="2" falsecount="0"/>
      <line num="130" count="35" type="stmt"/>
      <line num="133" count="37" type="stmt"/>
      <line num="136" count="1" type="stmt"/>
      <line num="137" count="17" type="cond" truecount="2" falsecount="0"/>
      <line num="138" count="14" type="stmt"/>
      <line num="141" count="3" type="stmt"/>
      <line num="147" count="3" type="stmt"/>
      <line num="149" count="3" type="stmt"/>
      <line num="152" count="1" type="stmt"/>
    </file>
  </project>
</coverage>
