{"C:\\Users\\Pepe\\code\\katas\\redradix\\kata-mars-rovers\\src\\index.js": {"path":"C:\\Users\\Pepe\\code\\katas\\redradix\\kata-mars-rovers\\src\\index.js","statementMap":{"0":{"start":{"line":1,"column":19},"end":{"line":6,"column":1}},"1":{"start":{"line":8,"column":17},"end":{"line":13,"column":1}},"2":{"start":{"line":15,"column":18},"end":{"line":24,"column":1}},"3":{"start":{"line":16,"column":24},"end":{"line":21,"column":3}},"4":{"start":{"line":23,"column":2},"end":{"line":23,"column":33}},"5":{"start":{"line":26,"column":17},"end":{"line":35,"column":1}},"6":{"start":{"line":27,"column":24},"end":{"line":32,"column":3}},"7":{"start":{"line":34,"column":2},"end":{"line":34,"column":33}},"8":{"start":{"line":37,"column":13},"end":{"line":39,"column":24}},"9":{"start":{"line":37,"column":37},"end":{"line":39,"column":24}},"10":{"start":{"line":41,"column":32},"end":{"line":51,"column":1}},"11":{"start":{"line":42,"column":21},"end":{"line":42,"column":52}},"12":{"start":{"line":43,"column":19},"end":{"line":48,"column":3}},"13":{"start":{"line":44,"column":36},"end":{"line":44,"column":59}},"14":{"start":{"line":45,"column":36},"end":{"line":45,"column":59}},"15":{"start":{"line":46,"column":36},"end":{"line":46,"column":59}},"16":{"start":{"line":47,"column":36},"end":{"line":47,"column":59}},"17":{"start":{"line":50,"column":2},"end":{"line":50,"column":38}},"18":{"start":{"line":53,"column":20},"end":{"line":53,"column":46}},"19":{"start":{"line":53,"column":27},"end":{"line":53,"column":46}},"20":{"start":{"line":55,"column":23},"end":{"line":55,"column":66}},"21":{"start":{"line":55,"column":34},"end":{"line":55,"column":66}},"22":{"start":{"line":57,"column":16},"end":{"line":57,"column":41}},"23":{"start":{"line":57,"column":23},"end":{"line":57,"column":41}},"24":{"start":{"line":59,"column":15},"end":{"line":59,"column":65}},"25":{"start":{"line":59,"column":22},"end":{"line":59,"column":65}},"26":{"start":{"line":61,"column":24},"end":{"line":61,"column":43}},"27":{"start":{"line":61,"column":33},"end":{"line":61,"column":43}},"28":{"start":{"line":63,"column":26},"end":{"line":68,"column":1}},"29":{"start":{"line":64,"column":23},"end":{"line":64,"column":31}},"30":{"start":{"line":65,"column":21},"end":{"line":65,"column":26}},"31":{"start":{"line":67,"column":2},"end":{"line":67,"column":61}},"32":{"start":{"line":70,"column":30},"end":{"line":76,"column":1}},"33":{"start":{"line":71,"column":2},"end":{"line":71,"column":34}},"34":{"start":{"line":71,"column":22},"end":{"line":71,"column":34}},"35":{"start":{"line":72,"column":2},"end":{"line":72,"column":48}},"36":{"start":{"line":72,"column":36},"end":{"line":72,"column":48}},"37":{"start":{"line":73,"column":2},"end":{"line":73,"column":54}},"38":{"start":{"line":73,"column":42},"end":{"line":73,"column":54}},"39":{"start":{"line":75,"column":2},"end":{"line":75,"column":13}},"40":{"start":{"line":78,"column":26},"end":{"line":78,"column":75}},"41":{"start":{"line":78,"column":39},"end":{"line":78,"column":75}},"42":{"start":{"line":80,"column":25},"end":{"line":85,"column":1}},"43":{"start":{"line":81,"column":2},"end":{"line":81,"column":37}},"44":{"start":{"line":81,"column":25},"end":{"line":81,"column":37}},"45":{"start":{"line":82,"column":2},"end":{"line":82,"column":51}},"46":{"start":{"line":82,"column":39},"end":{"line":82,"column":51}},"47":{"start":{"line":84,"column":2},"end":{"line":84,"column":13}},"48":{"start":{"line":87,"column":25},"end":{"line":93,"column":1}},"49":{"start":{"line":88,"column":2},"end":{"line":88,"column":37}},"50":{"start":{"line":88,"column":25},"end":{"line":88,"column":37}},"51":{"start":{"line":89,"column":2},"end":{"line":89,"column":42}},"52":{"start":{"line":89,"column":30},"end":{"line":89,"column":42}},"53":{"start":{"line":90,"column":2},"end":{"line":90,"column":50}},"54":{"start":{"line":90,"column":38},"end":{"line":90,"column":50}},"55":{"start":{"line":92,"column":2},"end":{"line":92,"column":13}},"56":{"start":{"line":95,"column":23},"end":{"line":107,"column":1}},"57":{"start":{"line":96,"column":23},"end":{"line":96,"column":61}},"58":{"start":{"line":97,"column":27},"end":{"line":97,"column":55}},"59":{"start":{"line":98,"column":26},"end":{"line":98,"column":52}},"60":{"start":{"line":99,"column":33},"end":{"line":99,"column":59}},"61":{"start":{"line":101,"column":2},"end":{"line":106,"column":33}},"62":{"start":{"line":106,"column":23},"end":{"line":106,"column":32}},"63":{"start":{"line":109,"column":24},"end":{"line":118,"column":1}},"64":{"start":{"line":110,"column":21},"end":{"line":110,"column":34}},"65":{"start":{"line":111,"column":2},"end":{"line":115,"column":3}},"66":{"start":{"line":114,"column":6},"end":{"line":114,"column":75}},"67":{"start":{"line":114,"column":76},"end":{"line":114,"column":81}},"68":{"start":{"line":117,"column":2},"end":{"line":117,"column":21}},"69":{"start":{"line":120,"column":24},"end":{"line":146,"column":1}},"70":{"start":{"line":121,"column":2},"end":{"line":123,"column":3}},"71":{"start":{"line":122,"column":4},"end":{"line":122,"column":13}},"72":{"start":{"line":125,"column":26},"end":{"line":128,"column":3}},"73":{"start":{"line":130,"column":16},"end":{"line":143,"column":21}},"74":{"start":{"line":131,"column":34},"end":{"line":131,"column":46}},"75":{"start":{"line":133,"column":4},"end":{"line":135,"column":17}},"76":{"start":{"line":136,"column":25},"end":{"line":136,"column":70}},"77":{"start":{"line":138,"column":4},"end":{"line":140,"column":5}},"78":{"start":{"line":139,"column":6},"end":{"line":139,"column":29}},"79":{"start":{"line":142,"column":4},"end":{"line":142,"column":34}},"80":{"start":{"line":145,"column":2},"end":{"line":145,"column":23}},"81":{"start":{"line":148,"column":0},"end":{"line":152,"column":1}}},"fnMap":{"0":{"name":"(anonymous_0)","decl":{"start":{"line":15,"column":18},"end":{"line":15,"column":19}},"loc":{"start":{"line":15,"column":31},"end":{"line":24,"column":1}},"line":15},"1":{"name":"(anonymous_1)","decl":{"start":{"line":26,"column":17},"end":{"line":26,"column":18}},"loc":{"start":{"line":26,"column":30},"end":{"line":35,"column":1}},"line":26},"2":{"name":"(anonymous_2)","decl":{"start":{"line":37,"column":13},"end":{"line":37,"column":14}},"loc":{"start":{"line":37,"column":37},"end":{"line":39,"column":24}},"line":37},"3":{"name":"(anonymous_3)","decl":{"start":{"line":41,"column":32},"end":{"line":41,"column":33}},"loc":{"start":{"line":41,"column":66},"end":{"line":51,"column":1}},"line":41},"4":{"name":"(anonymous_4)","decl":{"start":{"line":44,"column":20},"end":{"line":44,"column":21}},"loc":{"start":{"line":44,"column":36},"end":{"line":44,"column":59}},"line":44},"5":{"name":"(anonymous_5)","decl":{"start":{"line":45,"column":20},"end":{"line":45,"column":21}},"loc":{"start":{"line":45,"column":36},"end":{"line":45,"column":59}},"line":45},"6":{"name":"(anonymous_6)","decl":{"start":{"line":46,"column":20},"end":{"line":46,"column":21}},"loc":{"start":{"line":46,"column":36},"end":{"line":46,"column":59}},"line":46},"7":{"name":"(anonymous_7)","decl":{"start":{"line":47,"column":20},"end":{"line":47,"column":21}},"loc":{"start":{"line":47,"column":36},"end":{"line":47,"column":59}},"line":47},"8":{"name":"(anonymous_8)","decl":{"start":{"line":53,"column":20},"end":{"line":53,"column":21}},"loc":{"start":{"line":53,"column":27},"end":{"line":53,"column":46}},"line":53},"9":{"name":"(anonymous_9)","decl":{"start":{"line":55,"column":23},"end":{"line":55,"column":24}},"loc":{"start":{"line":55,"column":34},"end":{"line":55,"column":66}},"line":55},"10":{"name":"(anonymous_10)","decl":{"start":{"line":57,"column":16},"end":{"line":57,"column":17}},"loc":{"start":{"line":57,"column":23},"end":{"line":57,"column":41}},"line":57},"11":{"name":"(anonymous_11)","decl":{"start":{"line":59,"column":15},"end":{"line":59,"column":16}},"loc":{"start":{"line":59,"column":22},"end":{"line":59,"column":65}},"line":59},"12":{"name":"(anonymous_12)","decl":{"start":{"line":61,"column":24},"end":{"line":61,"column":25}},"loc":{"start":{"line":61,"column":33},"end":{"line":61,"column":43}},"line":61},"13":{"name":"(anonymous_13)","decl":{"start":{"line":63,"column":26},"end":{"line":63,"column":27}},"loc":{"start":{"line":63,"column":47},"end":{"line":68,"column":1}},"line":63},"14":{"name":"(anonymous_14)","decl":{"start":{"line":70,"column":30},"end":{"line":70,"column":31}},"loc":{"start":{"line":70,"column":51},"end":{"line":76,"column":1}},"line":70},"15":{"name":"(anonymous_15)","decl":{"start":{"line":78,"column":26},"end":{"line":78,"column":27}},"loc":{"start":{"line":78,"column":39},"end":{"line":78,"column":75}},"line":78},"16":{"name":"(anonymous_16)","decl":{"start":{"line":80,"column":25},"end":{"line":80,"column":26}},"loc":{"start":{"line":80,"column":37},"end":{"line":85,"column":1}},"line":80},"17":{"name":"(anonymous_17)","decl":{"start":{"line":87,"column":25},"end":{"line":87,"column":26}},"loc":{"start":{"line":87,"column":37},"end":{"line":93,"column":1}},"line":87},"18":{"name":"(anonymous_18)","decl":{"start":{"line":95,"column":23},"end":{"line":95,"column":24}},"loc":{"start":{"line":95,"column":65},"end":{"line":107,"column":1}},"line":95},"19":{"name":"(anonymous_19)","decl":{"start":{"line":106,"column":10},"end":{"line":106,"column":11}},"loc":{"start":{"line":106,"column":23},"end":{"line":106,"column":32}},"line":106},"20":{"name":"(anonymous_20)","decl":{"start":{"line":109,"column":24},"end":{"line":109,"column":25}},"loc":{"start":{"line":109,"column":58},"end":{"line":118,"column":1}},"line":109},"21":{"name":"(anonymous_21)","decl":{"start":{"line":120,"column":24},"end":{"line":120,"column":25}},"loc":{"start":{"line":120,"column":71},"end":{"line":146,"column":1}},"line":120},"22":{"name":"(anonymous_22)","decl":{"start":{"line":130,"column":32},"end":{"line":130,"column":33}},"loc":{"start":{"line":130,"column":59},"end":{"line":143,"column":3}},"line":130}},"branchMap":{"0":{"loc":{"start":{"line":37,"column":37},"end":{"line":39,"column":24}},"type":"cond-expr","locations":[{"start":{"line":38,"column":4},"end":{"line":38,"column":23}},{"start":{"line":39,"column":4},"end":{"line":39,"column":24}}],"line":37},"1":{"loc":{"start":{"line":42,"column":21},"end":{"line":42,"column":52}},"type":"cond-expr","locations":[{"start":{"line":42,"column":46},"end":{"line":42,"column":47}},{"start":{"line":42,"column":50},"end":{"line":42,"column":52}}],"line":42},"2":{"loc":{"start":{"line":59,"column":22},"end":{"line":59,"column":65}},"type":"binary-expr","locations":[{"start":{"line":59,"column":22},"end":{"line":59,"column":45}},{"start":{"line":59,"column":49},"end":{"line":59,"column":65}}],"line":59},"3":{"loc":{"start":{"line":67,"column":9},"end":{"line":67,"column":61}},"type":"binary-expr","locations":[{"start":{"line":67,"column":10},"end":{"line":67,"column":20}},{"start":{"line":67,"column":24},"end":{"line":67,"column":34}},{"start":{"line":67,"column":40},"end":{"line":67,"column":48}},{"start":{"line":67,"column":52},"end":{"line":67,"column":60}}],"line":67},"4":{"loc":{"start":{"line":71,"column":2},"end":{"line":71,"column":34}},"type":"if","locations":[{"start":{"line":71,"column":2},"end":{"line":71,"column":34}},{"start":{"line":71,"column":2},"end":{"line":71,"column":34}}],"line":71},"5":{"loc":{"start":{"line":72,"column":2},"end":{"line":72,"column":48}},"type":"if","locations":[{"start":{"line":72,"column":2},"end":{"line":72,"column":48}},{"start":{"line":72,"column":2},"end":{"line":72,"column":48}}],"line":72},"6":{"loc":{"start":{"line":73,"column":2},"end":{"line":73,"column":54}},"type":"if","locations":[{"start":{"line":73,"column":2},"end":{"line":73,"column":54}},{"start":{"line":73,"column":2},"end":{"line":73,"column":54}}],"line":73},"7":{"loc":{"start":{"line":81,"column":2},"end":{"line":81,"column":37}},"type":"if","locations":[{"start":{"line":81,"column":2},"end":{"line":81,"column":37}},{"start":{"line":81,"column":2},"end":{"line":81,"column":37}}],"line":81},"8":{"loc":{"start":{"line":82,"column":2},"end":{"line":82,"column":51}},"type":"if","locations":[{"start":{"line":82,"column":2},"end":{"line":82,"column":51}},{"start":{"line":82,"column":2},"end":{"line":82,"column":51}}],"line":82},"9":{"loc":{"start":{"line":88,"column":2},"end":{"line":88,"column":37}},"type":"if","locations":[{"start":{"line":88,"column":2},"end":{"line":88,"column":37}},{"start":{"line":88,"column":2},"end":{"line":88,"column":37}}],"line":88},"10":{"loc":{"start":{"line":89,"column":2},"end":{"line":89,"column":42}},"type":"if","locations":[{"start":{"line":89,"column":2},"end":{"line":89,"column":42}},{"start":{"line":89,"column":2},"end":{"line":89,"column":42}}],"line":89},"11":{"loc":{"start":{"line":90,"column":2},"end":{"line":90,"column":50}},"type":"if","locations":[{"start":{"line":90,"column":2},"end":{"line":90,"column":50}},{"start":{"line":90,"column":2},"end":{"line":90,"column":50}}],"line":90},"12":{"loc":{"start":{"line":111,"column":2},"end":{"line":115,"column":3}},"type":"switch","locations":[{"start":{"line":112,"column":4},"end":{"line":112,"column":20}},{"start":{"line":113,"column":4},"end":{"line":114,"column":81}}],"line":111},"13":{"loc":{"start":{"line":121,"column":2},"end":{"line":123,"column":3}},"type":"if","locations":[{"start":{"line":121,"column":2},"end":{"line":123,"column":3}},{"start":{"line":121,"column":2},"end":{"line":123,"column":3}}],"line":121},"14":{"loc":{"start":{"line":133,"column":16},"end":{"line":135,"column":17}},"type":"cond-expr","locations":[{"start":{"line":134,"column":8},"end":{"line":134,"column":32}},{"start":{"line":135,"column":8},"end":{"line":135,"column":17}}],"line":133},"15":{"loc":{"start":{"line":138,"column":4},"end":{"line":140,"column":5}},"type":"if","locations":[{"start":{"line":138,"column":4},"end":{"line":140,"column":5}},{"start":{"line":138,"column":4},"end":{"line":140,"column":5}}],"line":138}},"s":{"0":1,"1":1,"2":1,"3":6,"4":6,"5":1,"6":8,"7":8,"8":1,"9":14,"10":1,"11":23,"12":23,"13":9,"14":6,"15":1,"16":7,"17":23,"18":1,"19":0,"20":1,"21":62,"22":1,"23":51,"24":1,"25":65,"26":1,"27":60,"28":1,"29":50,"30":50,"31":50,"32":1,"33":17,"34":2,"35":15,"36":2,"37":13,"38":5,"39":8,"40":1,"41":17,"42":1,"43":17,"44":1,"45":16,"46":2,"47":14,"48":1,"49":17,"50":0,"51":17,"52":2,"53":15,"54":1,"55":14,"56":1,"57":17,"58":17,"59":17,"60":17,"61":17,"62":37,"63":1,"64":37,"65":37,"66":23,"67":23,"68":37,"69":1,"70":17,"71":14,"72":3,"73":3,"74":37,"75":37,"76":37,"77":37,"78":35,"79":37,"80":3,"81":1},"f":{"0":6,"1":8,"2":14,"3":23,"4":9,"5":6,"6":1,"7":7,"8":0,"9":62,"10":51,"11":65,"12":60,"13":50,"14":17,"15":17,"16":17,"17":17,"18":17,"19":37,"20":37,"21":17,"22":37},"b":{"0":[8,6],"1":[15,8],"2":[65,65],"3":[50,45,44,44],"4":[2,15],"5":[2,13],"6":[5,8],"7":[1,16],"8":[2,14],"9":[0,17],"10":[2,15],"11":[1,14],"12":[15,23],"13":[14,3],"14":[14,23],"15":[35,2]},"_coverageSchema":"1a1c01bbd47fc00a2c39e90264f33305004495a9","hash":"443c925c83c1f4b8591a7e49386776ae0863238c"}
}
