TN:
SF:src\index.js
FN:15,(anonymous_0)
FN:26,(anonymous_1)
FN:37,(anonymous_2)
FN:41,(anonymous_3)
FN:44,(anonymous_4)
FN:45,(anonymous_5)
FN:46,(anonymous_6)
FN:47,(anonymous_7)
FN:53,(anonymous_8)
FN:55,(anonymous_9)
FN:57,(anonymous_10)
FN:59,(anonymous_11)
FN:61,(anonymous_12)
FN:63,(anonymous_13)
FN:70,(anonymous_14)
FN:78,(anonymous_15)
FN:80,(anonymous_16)
FN:87,(anonymous_17)
FN:95,(anonymous_18)
FN:106,(anonymous_19)
FN:109,(anonymous_20)
FN:120,(anonymous_21)
FN:130,(anonymous_22)
FNF:23
FNH:22
FNDA:6,(anonymous_0)
FNDA:8,(anonymous_1)
FNDA:14,(anonymous_2)
FNDA:23,(anonymous_3)
FNDA:9,(anonymous_4)
FNDA:6,(anonymous_5)
FNDA:1,(anonymous_6)
FNDA:7,(anonymous_7)
FNDA:0,(anonymous_8)
FNDA:62,(anonymous_9)
FNDA:51,(anonymous_10)
FNDA:65,(anonymous_11)
FNDA:60,(anonymous_12)
FNDA:50,(anonymous_13)
FNDA:17,(anonymous_14)
FNDA:17,(anonymous_15)
FNDA:17,(anonymous_16)
FNDA:17,(anonymous_17)
FNDA:17,(anonymous_18)
FNDA:37,(anonymous_19)
FNDA:37,(anonymous_20)
FNDA:17,(anonymous_21)
FNDA:37,(anonymous_22)
DA:1,1
DA:8,1
DA:15,1
DA:16,6
DA:23,6
DA:26,1
DA:27,8
DA:34,8
DA:37,14
DA:41,1
DA:42,23
DA:43,23
DA:44,9
DA:45,6
DA:46,1
DA:47,7
DA:50,23
DA:53,1
DA:55,62
DA:57,51
DA:59,65
DA:61,60
DA:63,1
DA:64,50
DA:65,50
DA:67,50
DA:70,1
DA:71,17
DA:72,15
DA:73,13
DA:75,8
DA:78,17
DA:80,1
DA:81,17
DA:82,16
DA:84,14
DA:87,1
DA:88,17
DA:89,17
DA:90,15
DA:92,14
DA:95,1
DA:96,17
DA:97,17
DA:98,17
DA:99,17
DA:101,17
DA:106,37
DA:109,1
DA:110,37
DA:111,37
DA:114,23
DA:117,37
DA:120,1
DA:121,17
DA:122,14
DA:125,3
DA:130,3
DA:131,37
DA:133,37
DA:136,37
DA:138,37
DA:139,35
DA:142,37
DA:145,3
DA:148,1
LF:66
LH:66
BRDA:37,0,0,8
BRDA:37,0,1,6
BRDA:42,1,0,15
BRDA:42,1,1,8
BRDA:59,2,0,65
BRDA:59,2,1,65
BRDA:67,3,0,50
BRDA:67,3,1,45
BRDA:67,3,2,44
BRDA:67,3,3,44
BRDA:71,4,0,2
BRDA:71,4,1,15
BRDA:72,5,0,2
BRDA:72,5,1,13
BRDA:73,6,0,5
BRDA:73,6,1,8
BRDA:81,7,0,1
BRDA:81,7,1,16
BRDA:82,8,0,2
BRDA:82,8,1,14
BRDA:88,9,0,0
BRDA:88,9,1,17
BRDA:89,10,0,2
BRDA:89,10,1,15
BRDA:90,11,0,1
BRDA:90,11,1,14
BRDA:111,12,0,15
BRDA:111,12,1,23
BRDA:121,13,0,14
BRDA:121,13,1,3
BRDA:133,14,0,14
BRDA:133,14,1,23
BRDA:138,15,0,35
BRDA:138,15,1,2
BRF:34
BRH:33
end_of_record
